make all --print-data-base --no-builtin-variables --no-builtin-rules --question
# GNU Make 3.82
# Built for x86_64-redhat-linux-gnu
# Copyright (C) 2010  Free Software Foundation, Inc.
# License GPLv3+: GNU GPL version 3 or later <http://gnu.org/licenses/gpl.html>
# This is free software: you are free to change and redistribute it.
# There is NO WARRANTY, to the extent permitted by law.

# Make data base, printed on Fri Jul  1 12:49:04 2022

# Variables

# automatic
<D = $(patsubst %/,%,$(dir $<))
# automatic
?F = $(notdir $?)
# default
.SHELLFLAGS := -c
# environment
QTDIR = /usr/lib64/qt-3.3
# environment
_VIRTUALENVWRAPPER_API =  mkvirtualenv rmvirtualenv lsvirtualenv showvirtualenv workon add2virtualenv cdsitepackages cdvirtualenv lssitepackages toggleglobalsitepackages cpvirtualenv setvirtualenvproject mkproject cdproject mktmpenv wipeenv allvirtualenv mkvirtualenv rmvirtualenv lsvirtualenv showvirtualenv workon add2virtualenv cdsitepackages cdvirtualenv lssitepackages toggleglobalsitepackages cpvirtualenv setvirtualenvproject mkproject cdproject mktmpenv wipeenv allvirtualenv
# environment
VSCODE_AGENT_FOLDER = /nfs/stak/users/conkling/.vscode-server
# environment
VSCODE_LOG_NATIVE = false
# environment
MODULEPATH = /usr/local/apps/modulefiles:/etc/modulefiles:/usr/share/modulefiles:/usr/share/modulefiles/Linux:/usr/share/modulefiles/Core:/usr/share/lmod/lmod/modulefiles/Core
# automatic
?D = $(patsubst %/,%,$(dir $?))
# automatic
@D = $(patsubst %/,%,$(dir $@))
# automatic
@F = $(notdir $@)
# default
MAKE_VERSION := 3.82
# makefile
CURDIR := /nfs/stak/users/conkling/code/third_year/os1
# makefile
SHELL = /bin/sh
# environment
LMOD_DIR = /usr/share/lmod/lmod/libexec
 
make: *** No rule to make target `all'.  Stop.

# environment
VSCODE_NLS_CONFIG = {"locale":"en","availableLanguages":{}}
# environment
_ = /bin/make
# makefile
MAKEFILE_LIST := 
# environment
HISTCONTROL = ignoredups
# environment
define BASH_FUNC_ml()
() {  eval $($LMOD_DIR/ml_cmd "$@")
}
endef
# environment
XDG_DATA_DIRS = /nfs/stak/users/conkling/.local/share/flatpak/exports/share:/var/lib/flatpak/exports/share:/usr/local/share:/usr/share
# environment
AUTOJUMP_SOURCED = 1
# environment
VSCODE_VERBOSE_LOGGING = true
# environment
PERL_MM_OPT = INSTALL_BASE=/nfs/stak/users/conkling/perl5
# environment
QT_PLUGIN_PATH = /usr/lib64/kde4/plugins:/usr/lib/kde4/plugins
# environment
LESSOPEN = ||/usr/bin/lesspipe.sh %s
# environment
VSCODE_CWD = /nfs/stak/users/conkling
# environment
SSH_CONNECTION = 10.207.18.209 49998 128.193.54.182 22
# environment
PATH = /nfs/stak/users/conkling/.vscode-server/bin/30d9c6cd9483b2cc586687151bcbcd635f373630/bin/remote-cli:/bin:/sbin:/usr/local/bin:/usr/bin:/usr/local/apps/bin:/nfs/stak/users/conkling/bin:.
# environment
LMOD_CMD = /usr/share/lmod/lmod/libexec/lmod
# environment
QT_GRAPHICSSYSTEM_CHECKED = 1
# environment
XDG_RUNTIME_DIR = /run/user/14653
# environment
BASH_ENV = /usr/share/lmod/lmod/init/bash
# environment
VSCODE_LOG_STACK = false
# environment
SELINUX_USE_CURRENT_RANGE = 
# environment
LMOD_VERSION = 8.2.7
# default
.FEATURES := target-specific order-only second-expansion else-if shortest-stem undefine oneshell archives jobserver check-symlink
# automatic
%F = $(notdir $%)
# environment
KDEDIRS = /usr
# environment
VSCODE_PIPE_LOGGING = true
# environment
PWD = /nfs/stak/users/conkling/code/third_year/os1
# environment
VSCODE_IPC_HOOK_CLI = /run/user/14653/vscode-ipc-e3ddceaa-52a9-4ce3-8729-0145bf590f00.sock
# automatic
*D = $(patsubst %/,%,$(dir $*))
# environment
MANPATH = /usr/local/man:/usr/man:/usr/share/man
# environment
VSCODE_AMD_ENTRYPOINT = vs/workbench/api/node/extensionHostProcess
# environment
HOME = /nfs/stak/users/conkling
# environment
PERL_MB_OPT = --install_base /nfs/stak/users/conkling/perl5
# environment
PERL_LOCAL_LIB_ROOT = :/nfs/stak/users/conkling/perl5
# environment
PERL5LIB = /nfs/stak/users/conkling/perl5/lib/perl5:
# environment
MODULESHOME = /usr/share/lmod/lmod
# environment
LOGNAME = conkling
# environment
APPLICATION_INSIGHTS_NO_DIAGNOSTIC_CHANNEL = true
# automatic
+F = $(notdir $+)
# environment
SELINUX_LEVEL_REQUESTED = 
# environment
VSCODE_HANDLES_UNCAUGHT_ERRORS = true
# environment
LMOD_sys = Linux
# automatic
^D = $(patsubst %/,%,$(dir $^))
# environment
HOSTNAME = flip2.engr.oregonstate.edu
# environment
MAKELEVEL := 0
# default
MAKE = $(MAKE_COMMAND)
# default
MAKECMDGOALS := all
# environment
SHLVL = 5
# environment
XDG_SESSION_ID = 10506
# environment
USER = conkling
# environment
QTLIB = /usr/lib64/qt-3.3/lib
# environment
LESS = QMcde
# automatic
%D = $(patsubst %/,%,$(dir $%))
# environment
define BASH_FUNC_module()
() {  eval $($LMOD_CMD bash "$@") && eval $(${LMOD_SETTARG_CMD:-:} -s sh)
}
endef
# environment
MODULEPATH_ROOT = /usr/share/modulefiles
# default
MAKE_COMMAND := make
# default
.VARIABLES := 
# environment
CVS_RSH = ssh
# automatic
*F = $(notdir $*)
# makefile
MAKEFLAGS = Rrqp
# environment
MFLAGS = -Rrqp
# environment
SSH_CLIENT = 10.207.18.209 49998 22
# environment
MAIL = /var/spool/mail/conkling
# environment
LOADEDMODULES = 
# automatic
+D = $(patsubst %/,%,$(dir $+))
# environment
BROWSER = /nfs/stak/users/conkling/.vscode-server/bin/30d9c6cd9483b2cc586687151bcbcd635f373630/bin/helpers/browser.sh
# environment
LMOD_PKG = /usr/share/lmod/lmod
# environment
VSCODE_HANDLES_SIGPIPE = true
# default
MAKEFILES := 
# automatic
<F = $(notdir $<)
# environment
VIRTUALENVWRAPPER_SCRIPT = /usr/bin/virtualenvwrapper.sh
# environment
PAGER = less
# environment
LC_ALL = C
# automatic
^F = $(notdir $^)
# environment
SELINUX_ROLE_REQUESTED = 
# default
SUFFIXES := 
# environment
HISTSIZE = 1000
# environment
LMOD_ROOT = /usr/share/lmod
# environment
LMOD_SETTARG_FULL_SUPPORT = no
# default
.INCLUDE_DIRS = /usr/include /usr/local/include /usr/include
# environment
MORE = -c
# environment
QTINC = /usr/lib64/qt-3.3/include
# default
.RECIPEPREFIX := 
# environment
AUTOJUMP_ERROR_PATH = /nfs/stak/users/conkling/.local/share/autojump/errors.log
# makefile
.DEFAULT_GOAL := 
# environment
LANG = C
# environment
VSCODE_EXTHOST_WILL_SEND_SOCKET = true
# variable set hash-table stats:
# Load=101/1024=10%, Rehash=0, Collisions=8/120=7%

# Pattern-specific Variable Values

# No pattern-specific variable values.

# Directories

# . (device 41, inode 1177953843): 8 files, no impossibilities.

# 8 files, no impossibilities in 1 directories.

# Implicit Rules

# No implicit rules.

# Files

# Not a target:
all:
#  Command line target.
#  Implicit rule search has been done.
#  File does not exist.
#  File has not been updated.

# Not a target:
.SUFFIXES:
#  Implicit rule search has not been done.
#  Modification time never checked.
#  File has not been updated.

# Not a target:
Makefile:
#  Implicit rule search has been done.
#  File does not exist.
#  File has been updated.
#  Failed to be updated.

# Not a target:
makefile:
#  Implicit rule search has been done.
#  File does not exist.
#  File has been updated.
#  Failed to be updated.

# Not a target:
.DEFAULT:
#  Implicit rule search has not been done.
#  Modification time never checked.
#  File has not been updated.

# Not a target:
GNUmakefile:
#  Implicit rule search has been done.
#  File does not exist.
#  File has been updated.
#  Failed to be updated.

# files hash-table stats:
# Load=6/1024=1%, Rehash=0, Collisions=0/15=0%
# VPATH Search Paths

# No `vpath' search paths.

# No general (`VPATH' variable) search path.

# # of strings in strcache: 0 / lookups = 19 / hits = 19
# # of strcache buffers: 1 (* 8176 B/buffer = 8176 B)
# strcache used: total = 0 (149) / max = 0 / min = 8176 / avg = 0
# strcache free: total = 0 (8027) / max = 0 / min = 8176 / avg = 0

# strcache hash-table stats:
# Load=16/8192=0%, Rehash=0, Collisions=1/19=5%
# Finished Make data base on Fri Jul  1 12:49:04 2022

 
